1a 2a 3a 4a
1a 2a 3a 4a
1a 2a 3a 4a
1a 2a 3a 4a
1a 2a 3a 4a 5a
1a 2a 3a 4a 5a
1a 2a 3a 4a 5a
1a 2a 3a 4a 5a
1a 2a 3a 4a 5a 6a
1a 2a 3a 4a 5a 6a
1a 2a 3a 4a 5a 6a
1a 2a 3a 4a 5a 6a
1b 2b 3b 4b
1b 2b 3b 4b
1b 2b 3b 4b
1b 2b 3b 4b
1b 2b 3b 4b 5b 6b
1b 2b 3b 4b 5b 6b
1b 2b 3b 4b 5b 6b
1b 2b 3b 4b 5b 6b
1b 2b 3b 4b 5b 6b 7b 8b
1b 2b 3b 4b 5b 6b 7b 8b
1b 2b 3b 4b 5b 6b 7b 8b
1b 2b 3b 4b 5b 6b 7b 8b
1c 2c 3c 4c
1c 2c 3c 4c
1c 2c 3c 4c
1c 2c 3c 4c
1c 2c 3c 4c 5c 6c 7c
1c 2c 3c 4c 5c 6c 7c
1c 2c 3c 4c 5c 6c 7c
1c 2c 3c 4c 5c 6c 7c
1c 2c 3c 4c 5c 6c 7c 8c 9c 10c
1c 2c 3c 4c 5c 6c 7c 8c 9c 10c
1c 2c 3c 4c 5c 6c 7c 8c 9c 10c
1c 2c 3c 4c 5c 6c 7c 8c 9c 10c
